<?xml version="1.0" encoding="UTF-8"?>
<!-- Generated by org.testng.reporters.JUnitXMLReporter -->
<testsuite ignored="0" hostname="DESKTOP-B94R4DD" failures="0" tests="4" name="Default test" time="7.026" errors="0" timestamp="2025-09-10T20:12:37 IST">
  <testcase classname="testScripts.LoginTest" name="tc001" time="0.05"/>
  <testcase classname="testScripts.LoginTest" name="tc001" time="0.019"/>
  <testcase classname="testScripts.LoginTest" name="tc001" time="0.008"/>
  <testcase classname="testScripts.LoginTest" name="tc001" time="0.072"/>
</testsuite> <!-- Default test -->
