<?xml version="1.0" encoding="UTF-8"?>
<!-- Generated by org.testng.reporters.JUnitXMLReporter -->
<testsuite ignored="0" hostname="DESKTOP-B94R4DD" failures="1" tests="2" name="Test" time="8.002" errors="0" timestamp="2025-08-12T22:26:07 IST">
  <testcase classname="testScripts.LoginTest" name="tc001" time="7.818"/>
  <testcase classname="testScripts.LoginTest" name="tc002" time="0.035">
    <failure type="java.lang.AssertionError" message="expected [true] but found [false]">
      <![CDATA[java.lang.AssertionError: expected [true] but found [false]
at testScripts.LoginTest.tc002(LoginTest.java:23)
at java.base/java.util.ArrayList.forEach(ArrayList.java:1596)
... Removed 29 stack frames]]>
    </failure>
  </testcase> <!-- tc002 -->
</testsuite> <!-- Test -->
