<?xml version="1.0" encoding="UTF-8"?>
<testng-results ignored="0" total="1" passed="1" failed="0" skipped="0">
  <reporter-output>
  </reporter-output>
  <suite started-at="2025-08-20T20:30:41 IST" name="Default suite" finished-at="2025-08-20T20:30:57 IST" duration-ms="16183">
    <groups>
    </groups>
    <test started-at="2025-08-20T20:30:41 IST" name="Default test" finished-at="2025-08-20T20:30:57 IST" duration-ms="16183">
      <class name="testScripts.LoginTest">
        <test-method signature="tc001()[pri:0, instance:testScripts.LoginTest@71d44a3]" started-at="2025-08-20T20:30:41 IST" name="tc001" finished-at="2025-08-20T20:30:57 IST" duration-ms="16001" status="PASS">
          <reporter-output>
          </reporter-output>
        </test-method> <!-- tc001 -->
      </class> <!-- testScripts.LoginTest -->
    </test> <!-- Default test -->
  </suite> <!-- Default suite -->
</testng-results>
