<?xml version="1.0" encoding="UTF-8"?>
<testng-results ignored="0" total="4" passed="4" failed="0" skipped="0">
  <reporter-output>
  </reporter-output>
  <suite started-at="2025-09-10T20:12:29 IST" name="Default suite" finished-at="2025-09-10T20:12:36 IST" duration-ms="7026">
    <groups>
    </groups>
    <test started-at="2025-09-10T20:12:29 IST" name="Default test" finished-at="2025-09-10T20:12:36 IST" duration-ms="7026">
      <class name="testScripts.LoginTest">
        <test-method signature="tc001(java.lang.String,java.lang.String)[pri:0, instance:testScripts.LoginTest@54d9d12d]" started-at="2025-09-10T20:12:36 IST" name="tc001" data-provider="excelData" finished-at="2025-09-10T20:12:36 IST" duration-ms="50" status="PASS">
          <params>
            <param index="0">
              <value>
                <![CDATA[testing1@gmail.com]]>
              </value>
            </param>
            <param index="1">
              <value>
                <![CDATA[Welcome@1]]>
              </value>
            </param>
          </params>
          <reporter-output>
          </reporter-output>
        </test-method> <!-- tc001 -->
        <test-method signature="tc001(java.lang.String,java.lang.String)[pri:0, instance:testScripts.LoginTest@54d9d12d]" started-at="2025-09-10T20:12:36 IST" name="tc001" data-provider="excelData" finished-at="2025-09-10T20:12:36 IST" duration-ms="19" status="PASS">
          <params>
            <param index="0">
              <value>
                <![CDATA[testing2@gmail.com]]>
              </value>
            </param>
            <param index="1">
              <value>
                <![CDATA[Welcome@1]]>
              </value>
            </param>
          </params>
          <reporter-output>
          </reporter-output>
        </test-method> <!-- tc001 -->
        <test-method signature="tc001(java.lang.String,java.lang.String)[pri:0, instance:testScripts.LoginTest@54d9d12d]" started-at="2025-09-10T20:12:36 IST" name="tc001" data-provider="excelData" finished-at="2025-09-10T20:12:36 IST" duration-ms="8" status="PASS">
          <params>
            <param index="0">
              <value>
                <![CDATA[testing3@gmail.com]]>
              </value>
            </param>
            <param index="1">
              <value>
                <![CDATA[Welcome@1]]>
              </value>
            </param>
          </params>
          <reporter-output>
          </reporter-output>
        </test-method> <!-- tc001 -->
        <test-method signature="tc001(java.lang.String,java.lang.String)[pri:0, instance:testScripts.LoginTest@54d9d12d]" started-at="2025-09-10T20:12:36 IST" name="tc001" data-provider="excelData" finished-at="2025-09-10T20:12:36 IST" duration-ms="72" status="PASS">
          <params>
            <param index="0">
              <value>
                <![CDATA[testing4@gmail.com]]>
              </value>
            </param>
            <param index="1">
              <value>
                <![CDATA[Welcome@1]]>
              </value>
            </param>
          </params>
          <reporter-output>
          </reporter-output>
        </test-method> <!-- tc001 -->
      </class> <!-- testScripts.LoginTest -->
    </test> <!-- Default test -->
  </suite> <!-- Default suite -->
</testng-results>
